 POST /auth/register 400 35.538 ms PostmanRuntime/7.49.0 Mon, 27 Oct 2025 08:49:22 GMT - error-message: Password should atleast be 8 charcters with one uppercase and lowercase letter, number and special charcter
 POST /auth/register 400 3.004 ms PostmanRuntime/7.49.0 Mon, 27 Oct 2025 08:49:32 GMT - error-message: Password should atleast be 8 charcters with one uppercase and lowercase letter, number and special charcter
 POST /auth/register 400 2.622 ms PostmanRuntime/7.49.0 Mon, 27 Oct 2025 08:49:39 GMT - error-message: Password should atleast be 8 charcters with one uppercase and lowercase letter, number and special charcter
 POST /auth/register 201 109.568 ms PostmanRuntime/7.49.0 Mon, 27 Oct 2025 08:50:12 GMT
 POST /auth/register 400 21.551 ms PostmanRuntime/7.49.0 Mon, 27 Oct 2025 08:54:43 GMT - error-message: Email is already taken
 POST /auth/register 201 77.767 ms PostmanRuntime/7.49.0 Mon, 27 Oct 2025 09:20:08 GMT
 POST /auth/register 500 80.698 ms PostmanRuntime/7.49.0 Mon, 27 Oct 2025 09:20:56 GMT - error-message: Cannot read properties of undefined (reading 'ACCESS')
 POST /auth/register 400 26.966 ms PostmanRuntime/7.49.0 Mon, 27 Oct 2025 09:21:39 GMT - error-message: Email is already taken
 POST /auth/register 201 47.466 ms PostmanRuntime/7.49.0 Mon, 27 Oct 2025 09:21:51 GMT
 POST /auth/login 400 8.991 ms PostmanRuntime/7.49.0 Mon, 27 Oct 2025 09:55:04 GMT - error-message: "body.email" is required
 POST /auth/login 401 95.890 ms PostmanRuntime/7.49.0 Mon, 27 Oct 2025 09:55:16 GMT - error-message: Incorrect email or password
 POST /auth/register 201 125.238 ms PostmanRuntime/7.49.0 Mon, 27 Oct 2025 09:55:43 GMT
 POST /auth/login 200 50.215 ms PostmanRuntime/7.49.0 Mon, 27 Oct 2025 09:56:21 GMT
 POST /auth/login 500 79.633 ms PostmanRuntime/7.49.0 Mon, 27 Oct 2025 10:11:49 GMT - error-message: generateAuthToken is not defined
 POST /auth/login 500 47.502 ms PostmanRuntime/7.49.0 Mon, 27 Oct 2025 10:12:33 GMT - error-message: generateAuthToken is not defined
 POST /auth/login 200 63.811 ms PostmanRuntime/7.49.0 Mon, 27 Oct 2025 10:12:59 GMT
 POST /auth/login 200 112.176 ms PostmanRuntime/7.49.0 Mon, 27 Oct 2025 11:00:59 GMT
 POST /auth/login 500 74.309 ms PostmanRuntime/7.49.0 Mon, 27 Oct 2025 11:03:32 GMT - error-message: Cannot read properties of undefined (reading 'create')
 POST /auth/login 500 63.372 ms PostmanRuntime/7.49.0 Mon, 27 Oct 2025 11:04:41 GMT - error-message: Cannot read properties of undefined (reading 'create')
 POST /auth/login 500 89.217 ms PostmanRuntime/7.49.0 Mon, 27 Oct 2025 11:05:40 GMT - error-message: Cannot read properties of undefined (reading 'create')
 POST /auth/login 400 96.239 ms PostmanRuntime/7.49.0 Mon, 27 Oct 2025 11:11:40 GMT - error-message: Token validation failed: user: Path `user` is required.
 POST /auth/login 200 118.385 ms PostmanRuntime/7.49.0 Mon, 27 Oct 2025 11:39:05 GMT
 POST /auth/refresh-token 401 6.447 ms PostmanRuntime/7.49.0 Mon, 27 Oct 2025 11:40:22 GMT - error-message: Please authenticate
 POST /auth/login 200 189.068 ms PostmanRuntime/7.49.0 Tue, 28 Oct 2025 05:45:23 GMT
 POST /auth/refresh-token 401 24.794 ms PostmanRuntime/7.49.0 Tue, 28 Oct 2025 05:47:04 GMT - error-message: Please authenticate
 POST /auth/refresh-token 401 20.212 ms PostmanRuntime/7.49.0 Tue, 28 Oct 2025 05:49:14 GMT - error-message: Please authenticate
 POST /auth/refresh-token 401 15.710 ms PostmanRuntime/7.49.0 Tue, 28 Oct 2025 05:52:15 GMT - error-message: Please authenticate
 POST /auth/refresh-token 401 21.290 ms PostmanRuntime/7.49.0 Tue, 28 Oct 2025 05:53:25 GMT - error-message: Please authenticate
 POST /auth/refresh-token 400 52.853 ms PostmanRuntime/7.49.0 Tue, 28 Oct 2025 05:54:50 GMT - error-message: Token validation failed: user: Path `user` is required.
 POST /auth/refresh-token 401 31.307 ms PostmanRuntime/7.49.0 Tue, 28 Oct 2025 05:55:46 GMT - error-message: Please authenticate
 POST /auth/refresh-token 401 31.914 ms PostmanRuntime/7.49.0 Tue, 28 Oct 2025 05:56:45 GMT - error-message: Please authenticate
 POST /auth/refresh-token 401 72.582 ms PostmanRuntime/7.49.0 Tue, 28 Oct 2025 05:57:52 GMT - error-message: Please authenticate
 POST /auth/refresh-token 401 36.373 ms PostmanRuntime/7.49.0 Tue, 28 Oct 2025 05:58:22 GMT - error-message: Please authenticate
 POST /auth/refresh-token 401 38.819 ms PostmanRuntime/7.49.0 Tue, 28 Oct 2025 05:58:51 GMT - error-message: Please authenticate
 POST /auth/refresh-token 401 37.352 ms PostmanRuntime/7.49.0 Tue, 28 Oct 2025 05:59:39 GMT - error-message: Please authenticate
 POST /auth/refresh-token 401 44.038 ms PostmanRuntime/7.49.0 Tue, 28 Oct 2025 06:00:56 GMT - error-message: Please authenticate
 POST /auth/login 200 107.128 ms PostmanRuntime/7.49.0 Tue, 28 Oct 2025 06:23:04 GMT
 POST /auth/refresh-token 200 121.408 ms PostmanRuntime/7.49.0 Tue, 28 Oct 2025 06:27:45 GMT
 GET /blogs 200 74.681 ms PostmanRuntime/7.49.0 Tue, 28 Oct 2025 07:10:04 GMT
 GET /blogs 200 15.134 ms PostmanRuntime/7.49.0 Tue, 28 Oct 2025 07:11:17 GMT
 GET /blogs 401 6.226 ms PostmanRuntime/7.49.0 Tue, 28 Oct 2025 07:12:00 GMT - error-message: Please authenticate
 POST /auth/login 401 53.464 ms PostmanRuntime/7.49.0 Tue, 28 Oct 2025 07:23:22 GMT - error-message: Please authenticate
 POST /auth/login 401 16.839 ms PostmanRuntime/7.49.0 Tue, 28 Oct 2025 07:23:54 GMT - error-message: Please authenticate
 POST /auth/login 401 18.806 ms PostmanRuntime/7.49.0 Tue, 28 Oct 2025 07:24:33 GMT - error-message: Please authenticate
